"../../../HardcoreParkour/Content/Animations/ClimbLedgePlaceHolder.uasset" 0
"../../../HardcoreParkour/Content/Animations/ClimbLedgePlaceHolder_Montage.uasset" 1
"../../../HardcoreParkour/Content/Animations/KneePlaceholder.uasset" 2
"../../../HardcoreParkour/Content/Animations/KneePlaceholder_Montage.uasset" 3
"../../../HardcoreParkour/Content/Animations/LedgeGrabPlaceHolder.uasset" 4
"../../../HardcoreParkour/Content/Animations/Problem.uasset" 5
"../../../HardcoreParkour/Content/Character/Mesh/UE4_Mannequin_Skeleton.uasset" 6
"../../../HardcoreParkour/Content/Animations/ThirdPersonIdle.uasset" 7
"../../../HardcoreParkour/Content/Animations/NewBlendSpace1D.uasset" 8
"../../../HardcoreParkour/Content/Animations/ThirdPersonJump_Start1.uasset" 9
"../../../HardcoreParkour/Content/Animations/WallRun_PlaceHolder.uasset" 10
"../../../HardcoreParkour/Content/Animations/WallRun_PlaceHolder_Montage.uasset" 11
"../../../HardcoreParkour/Content/Audio/SFX/Light01.uasset" 12
"../../../HardcoreParkour/Content/Audio/SFX/Light01_Cue.uasset" 13
"../../../HardcoreParkour/Content/Audio/SFX/Light02.uasset" 14
"../../../HardcoreParkour/Content/Audio/SFX/Light02_Cue.uasset" 15
"../../../HardcoreParkour/Content/Audio/SFX/Smoke01.uasset" 16
"../../../HardcoreParkour/Content/Audio/SFX/Smoke01_Cue.uasset" 17
"../../../HardcoreParkour/Content/Audio/SFX/Starter_Wind05.uasset" 18
"../../../HardcoreParkour/Content/Audio/SFX/Starter_Wind06.uasset" 19
"../../../HardcoreParkour/Content/Audio/SFX/Steam01.uasset" 20
"../../../HardcoreParkour/Content/Audio/SFX/Steam01_Cue.uasset" 21
"../../../HardcoreParkour/Content/Audio/SFX/Footsteps/Blueprints_Footstep01.uasset" 22
"../../../HardcoreParkour/Content/Audio/SFX/Footsteps/Blueprints_Footstep02.uasset" 23
"../../../HardcoreParkour/Content/Audio/SFX/Footsteps/Blueprints_Footstep03.uasset" 24
"../../../HardcoreParkour/Content/Audio/SFX/Footsteps/Blueprints_Footstep04.uasset" 25
"../../../HardcoreParkour/Content/Audio/SFX/Footsteps/Blueprints_Footstep05.uasset" 26
"../../../HardcoreParkour/Content/Audio/SFX/Footsteps/Blueprints_Footstep06.uasset" 27
"../../../HardcoreParkour/Content/Audio/SFX/Footsteps/Blueprints_Footstep07.uasset" 28
"../../../HardcoreParkour/Content/Audio/SFX/Footsteps/Blueprints_Footstep_Cue.uasset" 29
"../../../HardcoreParkour/Content/Blueprints/GameSave.uasset" 30
"../../../HardcoreParkour/Content/Character/Materials/MaterialLayers/ML_BasicTestMaterial.uasset" 31
"../../../HardcoreParkour/Content/Character/Mesh/TestAnim.uasset" 32
"../../../HardcoreParkour/Content/Character/Mesh/TestPose.uasset" 33
"../../../HardcoreParkour/Content/Animations/ThirdPersonJump_End.uasset" 34
"../../../HardcoreParkour/Content/Animations/ThirdPersonJump_Loop.uasset" 35
"../../../HardcoreParkour/Content/Animations/ThirdPersonJump_Start.uasset" 36
"../../../HardcoreParkour/Content/Animations/ThirdPersonRun.uasset" 37
"../../../HardcoreParkour/Content/Animations/ThirdPersonWalk.uasset" 38
"../../../HardcoreParkour/Content/Character/Mesh/ThirdPersonIdleRun.uasset" 39
"../../../Engine/Content/EditorBlueprintResources/StandardMacros.uasset" 40
"../../../HardcoreParkour/Content/Character/Mesh/ThirdPersonAnimBlueprint.uasset" 41
"../../../HardcoreParkour/Content/Materials/M_AssetPlatform.uasset" 42
"../../../HardcoreParkour/Content/Materials/M_Basic_Floor.uasset" 43
"../../../HardcoreParkour/Content/Textures/T_Perlin_Noise_M.uasset" 44
"../../../HardcoreParkour/Content/Textures/T_Water_N.uasset" 45
"../../../HardcoreParkour/Content/Materials/M_Water_Lake.uasset" 46
"../../../HardcoreParkour/Content/Materials/GlowTexture.uasset" 47
"../../../HardcoreParkour/Content/Materials/GlowInst/GlowInst_Red.uasset" 48
"../../../Engine/Content/Functions/Engine_MaterialFunctions01/Opacity/CameraDepthFade.uasset" 49
"../../../Engine/Content/EngineMaterials/T_Default_Material_Grid_M.uasset" 50
"../../../Engine/Content/EngineMaterials/T_Default_Material_Grid_N.uasset" 51
"../../../Engine/Content/EngineMaterials/DefaultMaterial.uasset" 52
"../../../Engine/Content/BasicShapes/Cone.uasset" 53
"../../../Engine/Content/EngineMaterials/WorldGridMaterial.uasset" 54
"../../../Engine/Content/BasicShapes/Plane.uasset" 55
"../../../Engine/Content/BasicShapes/Sphere.uasset" 56
"../../../Engine/Content/EditorLandscapeResources/DataLayer.uasset" 57
"../../../Engine/Content/EditorMaterials/GizmoMaterial.uasset" 58
"../../../Engine/Content/EditorMaterials/MAT_Groups_Toggle.uasset" 59
"../../../Engine/Content/EditorMaterials/MAT_Groups_Visibility.uasset" 60
"../../../Engine/Content/EditorMaterials/PreviewShadowIndicator.uasset" 61
"../../../Engine/Content/EditorMaterials/PreviewShadowIndicatorMaterial.uasset" 62
"../../../Engine/Content/EditorMaterials/AssetViewer/EpicQuadPanorama_CC+EV1.uasset" 63
"../../../Engine/Content/EditorMaterials/MatineeGroups/MAT_ColorTrack.uasset" 64
"../../../Engine/Content/EditorMaterials/MatineeGroups/MAT_Groups_Anim.uasset" 65
"../../../Engine/Content/EditorMaterials/MatineeGroups/MAT_Groups_AudioMaster.uasset" 66
"../../../Engine/Content/EditorMaterials/MatineeGroups/MAT_Groups_Director.uasset" 67
"../../../Engine/Content/EditorMaterials/MatineeGroups/MAT_Groups_Event.uasset" 68
"../../../Engine/Content/EditorMaterials/MatineeGroups/MAT_Groups_Fade.uasset" 69
"../../../Engine/Content/EditorMaterials/MatineeGroups/MAT_Groups_Float.uasset" 70
"../../../Engine/Content/EditorMaterials/MatineeGroups/MAT_Groups_Move.uasset" 71
"../../../Engine/Content/EditorMaterials/MatineeGroups/MAT_Groups_Slomo.uasset" 72
"../../../Engine/Content/EditorMaterials/MatineeGroups/MAT_Groups_Sound.uasset" 73
"../../../Engine/Content/EditorMaterials/MatineeGroups/MAT_Groups_Vector.uasset" 74
"../../../Engine/Content/EditorMaterials/ParticleSystems/PSysThumbnail_NoImage.uasset" 75
"../../../Engine/Content/EditorMaterials/ParticleSystems/PSysThumbnail_OOD.uasset" 76
"../../../Engine/Content/EditorMaterials/Camera/CineMat.uasset" 77
"../../../Engine/Content/EditorMaterials/Camera/MI_CineMat_Rig.uasset" 78
"../../../Engine/Content/EditorMeshes/Camera/SM_CraneRig_Arm.uasset" 79
"../../../Engine/Content/EditorMeshes/Camera/SM_CraneRig_Base.uasset" 80
"../../../Engine/Content/EditorMeshes/Camera/SM_CraneRig_Body.uasset" 81
"../../../Engine/Content/EditorMeshes/Camera/SM_CraneRig_Mount.uasset" 82
"../../../Engine/Content/EditorMeshes/Camera/SM_RailRig_Mount.uasset" 83
"../../../Engine/Content/EditorMeshes/Camera/SM_RailRig_Track.uasset" 84
"../../../Engine/Content/EditorMeshes/ColorCalibrator/M_ChromeBall.uasset" 85
"../../../Engine/Content/EditorMeshes/ColorCalibrator/M_ClearCoat.uasset" 86
"../../../Engine/Content/EditorMeshes/ColorCalibrator/M_ClearCoatBlack.uasset" 87
"../../../Engine/Content/EditorMeshes/ColorCalibrator/T_ColorGrid.uasset" 88
"../../../Engine/Content/EditorMeshes/ColorCalibrator/M_ColorGrid.uasset" 89
"../../../Engine/Content/EditorMeshes/ColorCalibrator/M_GreyBall.uasset" 90
"../../../Engine/Content/EditorMeshes/ColorCalibrator/SM_ColorCalibrator.uasset" 91
"../../../Engine/Content/EditorResources/BSPVertex.uasset" 92
"../../../Engine/Content/EditorResources/EmptyActor.uasset" 93
"../../../Engine/Content/EditorResources/S_Actor.uasset" 94
"../../../Engine/Content/EditorResources/S_Trigger.uasset" 95
"../../../Engine/Content/EditorResources/AudioIcons/S_AudioComponent_AutoActivate.uasset" 96
"../../../Engine/Content/EditorResources/LightIcons/S_LightError.uasset" 97
"../../../Engine/Content/EditorResources/SequenceRecorder/Countdown.uasset" 98
"../../../Engine/Content/EditorResources/SequenceRecorder/RecordingIndicator.uasset" 99
"../../../Engine/Content/EditorSounds/Notifications/CompileFailed.uasset" 100
"../../../Engine/Content/EditorSounds/Notifications/CompileFailed_Cue.uasset" 101
"../../../Engine/Content/EditorSounds/Notifications/CompileSuccess.uasset" 102
"../../../Engine/Content/EditorSounds/Notifications/CompileStart_Cue.uasset" 103
"../../../Engine/Content/EditorSounds/Notifications/CompileSuccess_Cue.uasset" 104
"../../../Engine/Content/EngineDamageTypes/DmgTypeBP_Environmental.uasset" 105
"../../../Engine/Content/EngineDebugMaterials/HeatmapGradient.uasset" 106
"../../../Engine/Content/EngineDebugMaterials/BoneWeightMaterial.uasset" 107
"../../../Engine/Content/EngineDebugMaterials/ClothMaterial.uasset" 108
"../../../Engine/Content/EngineDebugMaterials/ClothMaterial_WF.uasset" 109
"../../../Engine/Content/EngineDebugMaterials/DebugEditorMaterial.uasset" 110
"../../../Engine/Content/EngineDebugMaterials/DebugMeshMaterial.uasset" 111
"../../../Engine/Content/EngineDebugMaterials/GeomMaterial.uasset" 112
"../../../Engine/Content/EngineFonts/Faces/RobotoBold.uasset" 113
"../../../Engine/Content/EngineFonts/Faces/RobotoBoldItalic.uasset" 114
"../../../Engine/Content/EngineFonts/Faces/RobotoItalic.uasset" 115
"../../../Engine/Content/EngineFonts/Faces/RobotoLight.uasset" 116
"../../../Engine/Content/EngineFonts/Faces/RobotoRegular.uasset" 117
"../../../Engine/Content/EngineFonts/Roboto.uasset" 118
"../../../Engine/Content/EngineFonts/Faces/RobotoTiny.uasset" 119
"../../../Engine/Content/EngineFonts/RobotoTiny.uasset" 120
"../../../Engine/Content/EngineMaterials/DefaultBloomKernel.uasset" 121
"../../../Engine/Content/EngineMaterials/DefaultBokeh.uasset" 122
"../../../Engine/Content/EngineMaterials/DefaultDiffuse.uasset" 123
"../../../Engine/Content/EngineMaterials/DefaultDeferredDecalMaterial.uasset" 124
"../../../Engine/Content/EngineMaterials/DefaultLightFunctionMaterial.uasset" 125
"../../../Engine/Content/EngineMaterials/DefaultPhysicalMaterial.uasset" 126
"../../../Engine/Content/Functions/Engine_MaterialFunctions02/Utility/BreakOutFloat2Components.uasset" 127
"../../../Engine/Content/EngineMaterials/DefaultPostProcessMaterial.uasset" 128
"../../../Engine/Content/EngineFonts/RobotoDistanceField.uasset" 129
"../../../Engine/Content/EngineMaterials/DefaultTextMaterialOpaque.uasset" 130
"../../../Engine/Content/EngineMaterials/DefaultWhiteGrid.uasset" 131
"../../../Engine/Content/EngineMaterials/EditorBrushMaterial.uasset" 132
"../../../Engine/Content/EngineMaterials/Good64x64TilingNoiseHighFreq.uasset" 133
"../../../Engine/Content/EngineMaterials/MiniFont.uasset" 134
"../../../Engine/Content/EngineMaterials/InvalidLightmapSettings.uasset" 135
"../../../Engine/Content/EngineMaterials/M_InvalidLightmapSettings.uasset" 136
"../../../Engine/Content/EngineMaterials/PhAT_JointLimitMaterial.uasset" 137
"../../../Engine/Content/EngineMaterials/PreintegratedSkinBRDF.uasset" 138
"../../../Engine/Content/EngineMaterials/RemoveSurfaceMaterial.uasset" 139
"../../../Engine/Content/EngineMaterials/WeightMapPlaceholderTexture.uasset" 140
"../../../Engine/Content/EngineResources/WhiteSquareTexture.uasset" 141
"../../../Engine/Content/EngineMaterials/Widget3DPassThrough.uasset" 142
"../../../Engine/Content/EngineMaterials/Widget3DPassThrough_Masked.uasset" 143
"../../../Engine/Content/EngineMaterials/Widget3DPassThrough_Opaque.uasset" 144
"../../../Engine/Content/EngineMaterials/Widget3DPassThrough_Masked_OneSided.uasset" 145
"../../../Engine/Content/EngineMaterials/Widget3DPassThrough_Opaque_OneSided.uasset" 146
"../../../Engine/Content/EngineMaterials/Widget3DPassThrough_Translucent.uasset" 147
"../../../Engine/Content/EngineMaterials/Widget3DPassThrough_Translucent_OneSided.uasset" 148
"../../../Engine/Content/EngineMeshes/Cube.uasset" 149
"../../../Engine/Content/EngineMeshes/Cylinder.uasset" 150
"../../../Engine/Content/EngineMeshes/Sphere.uasset" 151
"../../../Engine/Content/EngineResources/Black.uasset" 152
"../../../Engine/Content/EngineResources/DefaultTexture.uasset" 153
"../../../Engine/Content/EngineResources/DefaultTextureCube.uasset" 154
"../../../Engine/Content/EngineResources/GradientTexture0.uasset" 155
"../../../Engine/Content/EngineSounds/Master.uasset" 156
"../../../Engine/Content/Functions/Engine_MaterialFunctions01/Shading/ConvertFromDiffSpec.uasset" 157
"../../../Engine/Content/Functions/Engine_MaterialFunctions01/Shading/PowerToRoughness.uasset" 158
"../../../Engine/Content/Maps/Templates/Thumbnails/Default.uasset" 159
"../../../Engine/Content/Maps/Templates/Thumbnails/VR-Basic.uasset" 160
"../../../Engine/Content/MobileResources/T_MobileControls_texture.uasset" 161
"../../../Engine/Content/MobileResources/T_MobileMenu2.uasset" 162
"../../../Engine/Content/MobileResources/HUD/AnalogHat.uasset" 163
"../../../Engine/Content/MobileResources/HUD/VirtualJoystick_Background.uasset" 164
"../../../Engine/Content/MobileResources/HUD/VirtualJoystick_Thumb.uasset" 165
"../../../Engine/Content/MobileResources/HUD/DefaultVirtualJoysticks.uasset" 166
"../../../Engine/Content/MobileResources/HUD/LeftVirtualJoystickOnly.uasset" 167
"../../../Engine/Content/MobileResources/HUD/MobileHUDButton1_off.uasset" 168
"../../../Engine/Content/MobileResources/HUD/MobileHUDButton1_on.uasset" 169
"../../../Engine/Content/MobileResources/HUD/MobileHUDButton2_off.uasset" 170
"../../../Engine/Content/MobileResources/HUD/MobileHUDButton2_on.uasset" 171
"../../../Engine/Content/MobileResources/HUD/MobileHUDButton3.uasset" 172
"../../../Engine/Content/MobileResources/HUD/MobileHUDButtonFire.uasset" 173
"../../../Engine/Content/MobileResources/HUD/MobileHUDDirectionPad.uasset" 174
"../../../Engine/Content/MobileResources/HUD/MobileHUDDirectionPad2.uasset" 175
"../../../Engine/Content/MobileResources/HUD/MobileHUDDirectionPad3.uasset" 176
"../../../Engine/Content/MobileResources/HUD/MobileHUDDirectionStick.uasset" 177
"../../../Engine/Content/MobileResources/HUD/T_Castle_ThumbstickInner.uasset" 178
"../../../Engine/Content/MobileResources/HUD/T_Castle_ThumbstickOutter.uasset" 179
"../../../Engine/Content/Tutorial/ContentIntroCurve.uasset" 180
"../../../Engine/Content/Tutorial/Basics/TutorialAssets/icon_tab_Levels_40x.uasset" 181
"../../../Engine/Content/Tutorial/BlueprintTutorials/TutorialAssets/BlueprintInterface_64x.uasset" 182
"../../../Engine/Content/Tutorial/BlueprintTutorials/TutorialAssets/BlueprintMacroLibrary_64x.uasset" 183
"../../../Engine/Content/Tutorial/BlueprintTutorials/TutorialAssets/Blueprint_64x.uasset" 184
"../../../Engine/Content/Tutorial/BlueprintTutorials/TutorialAssets/Tutorial_BP_Interface.uasset" 185
"../../../Engine/Content/Tutorial/Foliage/TutorialAssets/Foliage.uasset" 186
"../../../Engine/Content/Tutorial/Landscape/TutorialAssets/Landscape.uasset" 187
"../../../Engine/Content/Tutorial/Paper2D/TutorialAssets/Paper2DFlipbook_TutorialIcon.uasset" 188
"../../../Engine/Content/Tutorial/Paper2D/TutorialAssets/Paper2DSprite_TutorialIcon.uasset" 189
"../../../Engine/Content/Tutorial/SubEditors/TutorialAssets/icon_Editor_Preferences_General_40x.uasset" 190
"../../../Engine/Content/Tutorial/SubEditors/TutorialAssets/icon_ShowSkeletalMeshes_40x.uasset" 191
"../../../Engine/Content/Tutorial/SubEditors/TutorialAssets/TutorialMaterial.uasset" 192
"../../../Engine/Content/Tutorial/SubEditors/TutorialAssets/T_SmokeSubUV_8X8.uasset" 193
"../../../Engine/Content/Tutorial/SubEditors/TutorialAssets/T_soft_smoke.uasset" 194
"../../../Engine/Content/Tutorial/SubEditors/TutorialAssets/M_smoke_subUV_blackbody.uasset" 195
"../../../Engine/Content/Tutorial/SubEditors/TutorialAssets/TutorialParticleSystem.uasset" 196
"../../../Engine/Content/EditorMeshes/EditorCube.uasset" 197
"../../../Engine/Content/Tutorial/SubEditors/TutorialAssets/Tutorial_DM.uasset" 198
"../../../Engine/Content/VREditor/Devices/Generic/GenericHMDMaterial.uasset" 199
"../../../Engine/Content/VREditor/Devices/Generic/GenericHMD.uasset" 200
"../../../Engine/Content/VREditor/FloatingText/LineMaterial.uasset" 201
"../../../Engine/Content/VREditor/FloatingText/JointSphere.uasset" 202
"../../../Engine/Content/VREditor/FloatingText/LineSegmentCylinder.uasset" 203
"../../../Engine/Content/VREditor/Fonts/VRText_RobotoLarge.uasset" 204
"../../../Engine/Content/VREditor/Fonts/VRTextMaterial.uasset" 205
"../../../Engine/Content/VREditor/Fonts/TranslucentVRTextMaterial.uasset" 206
"../../../Engine/Content/VREditor/LaserPointer/CursorPointer.uasset" 207
"../../../Engine/Content/VREditor/LaserPointer/VR_LaserPower_01.uasset" 208
"../../../Engine/Content/VREditor/TransformGizmo/TransformGizmoMaterial.uasset" 209
"../../../Engine/Content/VREditor/LaserPointer/HoverMaterial.uasset" 210
"../../../Engine/Content/VREditor/TransformGizmo/TranslucentTransformGizmoMaterial.uasset" 211
"../../../Engine/Content/VREditor/LaserPointer/TranslucentHoverMaterial.uasset" 212
"../../../Engine/Content/VREditor/LaserPointer/HoverMesh.uasset" 213
"../../../Engine/Content/VREditor/LaserPointer/LaserPointerMaterial.uasset" 214
"../../../Engine/Content/VREditor/LaserPointer/LaserPointerMaterialInst.uasset" 215
"../../../Engine/Content/VREditor/LaserPointer/TranslucentLaserPointerMaterialInst.uasset" 216
"../../../Engine/Content/VREditor/LaserPointer/LaserPointerMesh.uasset" 217
"../../../Engine/Content/VREditor/LaserPointer/LaserPointerMesh_End.uasset" 218
"../../../Engine/Content/VREditor/LaserPointer/LaserPointerMesh_Start.uasset" 219
"../../../Engine/Content/Functions/Engine_MaterialFunctions02/Utility/BreakOutFloat3Components.uasset" 220
"../../../Engine/Content/Functions/Engine_MaterialFunctions02/Math/Transform3x3Matrix.uasset" 221
"../../../Engine/Content/Functions/Engine_MaterialFunctions02/SplitComponents.uasset" 222
"../../../Engine/Content/Functions/Engine_MaterialFunctions02/Utility/MakeFloat3.uasset" 223
"../../../Engine/Content/VREditor/SnapGrid/SnapGridMaterial.uasset" 224
"../../../Engine/Content/VREditor/SnapGrid/SnapGridPlaneMesh.uasset" 225
"../../../Engine/Content/VREditor/Sounds/VR_teleport.uasset" 226
"../../../Engine/Content/VREditor/Sounds/UI/Click_on_Button_Cue.uasset" 227
"../../../Engine/Content/VREditor/Sounds/UI/Dockable_Window_Close.uasset" 228
"../../../Engine/Content/VREditor/Sounds/UI/Dockable_Window_Drop.uasset" 229
"../../../Engine/Content/VREditor/Sounds/UI/Dockable_Window_Open.uasset" 230
"../../../Engine/Content/VREditor/Sounds/UI/Dockable_Window_Pick_Up.uasset" 231
"../../../Engine/Content/VREditor/Sounds/UI/Drop_Item_From_ContentBrowser.uasset" 232
"../../../Engine/Content/VREditor/Sounds/UI/Floating_UI_Open-001.uasset" 233
"../../../Engine/Content/VREditor/Sounds/UI/Gizmo_Handle_Clicked.uasset" 234
"../../../Engine/Content/VREditor/Sounds/UI/Object_PickUp.uasset" 235
"../../../Engine/Content/VREditor/Sounds/UI/Object_Snaps_To_Another_Actor.uasset" 236
"../../../Engine/Content/VREditor/Sounds/UI/Object_Snaps_To_Grid.uasset" 237
"../../../Engine/Content/VREditor/Sounds/UI/Radial_Menu_FadeOut.uasset" 238
"../../../Engine/Content/VREditor/Sounds/UI/Scaling_Down.uasset" 239
"../../../Engine/Content/VREditor/Sounds/UI/Scaling_Up.uasset" 240
"../../../Engine/Content/VREditor/Sounds/UI/Selection_Changes.uasset" 241
"../../../Engine/Content/VREditor/Sounds/UI/Teleport_Mode_Entered.uasset" 242
"../../../Engine/Content/VREditor/Teleport/TeleportDirectionMaterial.uasset" 243
"../../../Engine/Content/VREditor/Teleport/TeleportDirectionMaterial_Inst.uasset" 244
"../../../Engine/Content/VREditor/Teleport/TeleportDirectionMesh.uasset" 245
"../../../Engine/Content/VREditor/TransformGizmo/BoundingBoxCorner.uasset" 246
"../../../Engine/Content/VREditor/TransformGizmo/BoundingBoxEdge.uasset" 247
"../../../Engine/Content/VREditor/TransformGizmo/PlaneTranslationHandle.uasset" 248
"../../../Engine/Content/VREditor/TransformGizmo/RotationHandleFull.uasset" 249
"../../../Engine/Content/VREditor/TransformGizmo/RotationHandleIndicator.uasset" 250
"../../../Engine/Content/VREditor/TransformGizmo/RotationHandleQuarter.uasset" 251
"../../../Engine/Content/VREditor/TransformGizmo/Main.uasset" 252
"../../../Engine/Content/VREditor/TransformGizmo/Xray.uasset" 253
"../../../Engine/Content/VREditor/TransformGizmo/SM_Dialog_Close.uasset" 254
"../../../Engine/Content/VREditor/TransformGizmo/SM_Dialog_Move.uasset" 255
"../../../Engine/Content/VREditor/TransformGizmo/SM_Sequencer_Key.uasset" 256
"../../../Engine/Content/VREditor/TransformGizmo/StartRotationHandleIndicator.uasset" 257
"../../../Engine/Content/VREditor/TransformGizmo/TranslucentTransformGizmoMaterial_Inst.uasset" 258
"../../../Engine/Content/VREditor/TransformGizmo/TransformGizmoFreeRotation.uasset" 259
"../../../Engine/Content/VREditor/TransformGizmo/TransformGizmoMaterial_Inst.uasset" 260
"../../../Engine/Content/VREditor/TransformGizmo/TranslateArrowHandle.uasset" 261
"../../../Engine/Content/VREditor/TransformGizmo/UniformScaleHandle.uasset" 262
"../../../Engine/Content/VREditor/UI/KeyDiskMaterial.uasset" 263
"../../../Engine/Content/VREditor/UI/DiscMaterial.uasset" 264
"../../../Engine/Content/VREditor/UI/SM_Radial_Disk.uasset" 265
"../../../Engine/Content/Functions/Engine_MaterialFunctions01/Gradient/RadialGradient.uasset" 266
"../../../Engine/Content/VREditor/WorldMovementGrid/SimpleGrid.uasset" 267
"../../../Engine/Content/VREditor/WorldMovementGrid/GridMaterial.uasset" 268
"../../../Engine/Content/Functions/Engine_MaterialFunctions01/Density/ExponentialDensity.uasset" 269
"../../../Engine/Content/VREditor/WorldMovementGrid/GridPostProcess.uasset" 270
"../../../Engine/Content/EditorLandscapeResources/FlattenHeightMat.uasset" 271
"../../../Engine/Content/VREditor/WorldMovementGrid/PlaneMesh.uasset" 272
"../../../Engine/Plugins/2D/Paper2D/Content/PlaceholderTextures/DummySpriteTexture.uasset" 273
"../../../Engine/Plugins/2D/Paper2D/Content/DummySprite.uasset" 274
"../../../Engine/Plugins/2D/Paper2D/Content/DefaultPaperTerrainMaterial.uasset" 275
"../../../Engine/Plugins/2D/Paper2D/Content/DefaultSpriteMaterial.uasset" 276
"../../../Engine/Plugins/2D/Paper2D/Content/MaskedUnlitSpriteMaterial.uasset" 277
"../../../Engine/Plugins/2D/Paper2D/Content/OpaqueUnlitSpriteMaterial.uasset" 278
"../../../Engine/Plugins/Runtime/Oculus/OculusVR/Content/Textures/GearVRController_AO.uasset" 279
"../../../Engine/Plugins/Runtime/Oculus/OculusVR/Content/Textures/GearVRController_Color.uasset" 280
"../../../Engine/Plugins/Runtime/Oculus/OculusVR/Content/Textures/GearVRController_Normal.uasset" 281
"../../../Engine/Plugins/Runtime/Oculus/OculusVR/Content/Materials/GearVRControllerMaterial.uasset" 282
"../../../Engine/Plugins/Runtime/Oculus/OculusVR/Content/Meshes/GearVrController.uasset" 283
"../../../Engine/Content/EngineSky/C_Sky_Cloud_Color.uasset" 284
"../../../Engine/Content/EngineSky/C_Sky_Horizon_Color.uasset" 285
"../../../Engine/Content/EngineSky/C_Sky_Zenith_Color.uasset" 286
"../../../Engine/Content/EngineSky/T_Sky_Blue.uasset" 287
"../../../Engine/Content/EngineSky/T_Sky_Clouds_M.uasset" 288
"../../../Engine/Content/EngineSky/T_Sky_Stars.uasset" 289
"../../../Engine/Content/EngineSky/M_Sky_Panning_Clouds2.uasset" 290
"../../../Engine/Content/EngineSky/SM_SkySphere.uasset" 291
"../../../Engine/Content/EngineSky/BP_Sky_Sphere.uasset" 292
"../../../HardcoreParkour/Content/Blueprints/MyGameInstance.uasset" 293
"../../../HardcoreParkour/Content/Animations/WallClimb.uasset" 294
"../../../HardcoreParkour/Content/Animations/WallClimb_Montage.uasset" 295
"../../../HardcoreParkour/Content/Animations/WallClimbKnees.uasset" 296
"../../../HardcoreParkour/Content/Animations/WallClimbKnees_Montage.uasset" 297
"../../../HardcoreParkour/Content/Animations/WallRun.uasset" 298
"../../../HardcoreParkour/Content/Animations/WallRun_Montage.uasset" 299
"../../../HardcoreParkour/Content/Animations/slideplaceholder.uasset" 300
"../../../HardcoreParkour/Content/Animations/WallGrab.uasset" 301
"../../../HardcoreParkour/Content/Animations/ThirdPersonIdleRun.uasset" 302
"../../../HardcoreParkour/Content/Blueprints/CharMoveInterface.uasset" 303
"../../../HardcoreParkour/Content/Animations/ThirdPersonAnimBlueprint.uasset" 304
"../../../HardcoreParkour/Content/Blueprints/HighScoreSave.uasset" 305
"../../../HardcoreParkour/Content/Blueprints/Widgets/MainMenu.uasset" 306
"../../../HardcoreParkour/Content/Audio/SFX/countdown.uasset" 307
"../../../HardcoreParkour/Content/Audio/SFX/TrialFinish.uasset" 308
"../../../HardcoreParkour/Content/Blueprints/Widgets/Timer.uasset" 309
"../../../HardcoreParkour/Content/Blueprints/Widgets/PlayerHUD.uasset" 310
"../../../HardcoreParkour/Content/Audio/SFX/climb.uasset" 311
"../../../HardcoreParkour/Content/Audio/SFX/JumpSFX.uasset" 312
"../../../HardcoreParkour/Content/Audio/SFX/JumpSFX2.uasset" 313
"../../../Engine/Content/Functions/Engine_MaterialFunctions02/Utility/BlendAngleCorrectedNormals.uasset" 314
"../../../Engine/Content/Functions/MaterialLayerFunctions/MatLayerBlend_AO.uasset" 315
"../../../Engine/Content/Functions/MaterialLayerFunctions/MatLayerBlend_NormalBlend.uasset" 316
"../../../Engine/Content/Functions/MaterialLayerFunctions/MatLayerBlend_Simple.uasset" 317
"../../../HardcoreParkour/Content/Character/Materials/MaterialLayers/T_ML_Rubber_Blue_01_D.uasset" 318
"../../../HardcoreParkour/Content/Character/Materials/MaterialLayers/T_ML_Rubber_Blue_01_N.uasset" 319
"../../../HardcoreParkour/Content/Character/Materials/MaterialLayers/ML_GlossyBlack_Latex_UE4.uasset" 320
"../../../HardcoreParkour/Content/Character/Materials/MaterialLayers/ML_Plastic_Shiny_Beige.uasset" 321
"../../../HardcoreParkour/Content/Character/Textures/UE4_LOGO_CARD.uasset" 322
"../../../HardcoreParkour/Content/Character/Materials/MaterialLayers/ML_Plastic_Shiny_Beige_LOGO.uasset" 323
"../../../HardcoreParkour/Content/Character/Materials/MaterialLayers/T_ML_Aluminum01.uasset" 324
"../../../HardcoreParkour/Content/Character/Materials/MaterialLayers/T_ML_Aluminum01_N.uasset" 325
"../../../HardcoreParkour/Content/Character/Materials/MaterialLayers/ML_SoftMetal_UE4.uasset" 326
"../../../HardcoreParkour/Content/Character/Textures/UE4_Mannequin__normals.uasset" 327
"../../../HardcoreParkour/Content/Character/Textures/UE4_Mannequin_MAT_MASKA.uasset" 328
"../../../HardcoreParkour/Content/Character/Textures/UE4_Mannequin_occlusion.uasset" 329
"../../../HardcoreParkour/Content/Character/Materials/M_UE4Man_Body.uasset" 330
"../../../HardcoreParkour/Content/Character/Textures/UE4Man_Logo_N.uasset" 331
"../../../HardcoreParkour/Content/Character/Materials/M_UE4Man_ChestLogo.uasset" 332
"../../../HardcoreParkour/Content/Character/Mesh/SK_Mannequin_PhysicsAsset.uasset" 333
"../../../HardcoreParkour/Content/Character/Mesh/SK_Mannequin.uasset" 334
"../../../HardcoreParkour/Content/Blueprints/FirstPersonCharacter.uasset" 335
"../../../HardcoreParkour/Content/Blueprints/Widgets/FirstPersonGameMode.uasset" 336
"../../../HardcoreParkour/Content/Sequences/MainMenuSequence.uasset" 337
"../../../HardcoreParkour/Content/Maps/1-1_BuiltData.uasset" 338
"../../../Engine/Content/BasicShapes/BasicShapeMaterial.uasset" 339
"../../../HardcoreParkour/Content/Materials/M_Basic_Wall.uasset" 340
"../../../HardcoreParkour/Content/Materials/M_Glass.uasset" 341
"../../../HardcoreParkour/Content/Textures/T_Water_M.uasset" 342
"../../../HardcoreParkour/Content/Materials/M_Water_Ocean.uasset" 343
"../../../HardcoreParkour/Content/Materials/Wall_Red.uasset" 344
"../../../Engine/Content/BasicShapes/Cube.uasset" 345
"../../../Engine/Content/BasicShapes/Cylinder.uasset" 346
"../../../Engine/Content/MapTemplates/Bokeh_5Sides.uasset" 347
"../../../Engine/Content/MapTemplates/T_ScreenDirt02_w.uasset" 348
"../../../HardcoreParkour/Content/Audio/Music/mirrorsedge.uasset" 349
"../../../HardcoreParkour/Content/Audio/Music/mirrorsedge_Cue.uasset" 350
"../../../HardcoreParkour/Content/Audio/SFX/reset.uasset" 351
"../../../HardcoreParkour/Content/Maps/1-1.umap" 352
"../../../HardcoreParkour/Content/Maps/TestingGround_BuiltData.uasset" 353
"../../../HardcoreParkour/Content/Meshes/CubeMaterial.uasset" 354
"../../../HardcoreParkour/Content/Meshes/Bump_StaticMesh.uasset" 355
"../../../HardcoreParkour/Content/Meshes/CubeMesh.uasset" 356
"../../../HardcoreParkour/Content/Meshes/LeftArm_StaticMesh.uasset" 357
"../../../HardcoreParkour/Content/Meshes/Linear_Stair_StaticMesh.uasset" 358
"../../../HardcoreParkour/Content/Meshes/Ramp_StaticMesh.uasset" 359
"../../../HardcoreParkour/Content/Meshes/RightArm_StaticMesh.uasset" 360
"../../../HardcoreParkour/Content/Maps/TestingGround.umap" 361
"../../../Engine/Content/Maps/Entry.umap" 362
